2023-05-28T09:41:24+00:00 Too few arguments to function get_userdata(), 0 passed in C:\xampp\htdocs\wp-content\plugins\insert-headers-and-footers\includes\class-wpcode-snippet-execute.php(273) : eval()'d code on line 3 and exactly 1 expected
2023-05-28T09:41:26+00:00 Too few arguments to function get_userdata(), 0 passed in C:\xampp\htdocs\wp-content\plugins\insert-headers-and-footers\includes\class-wpcode-snippet-execute.php(273) : eval()'d code on line 3 and exactly 1 expected
2023-05-28T09:41:40+00:00 Too few arguments to function get_userdata(), 0 passed in C:\xampp\htdocs\wp-content\plugins\insert-headers-and-footers\includes\class-wpcode-snippet-execute.php(273) : eval()'d code on line 3 and exactly 1 expected
2023-05-28T09:42:27+00:00 syntax error, unexpected token "var", expecting end of file
2023-05-28T09:42:32+00:00 syntax error, unexpected token "var", expecting end of file
2023-05-28T09:42:42+00:00 Too few arguments to function get_userdata(), 0 passed in C:\xampp\htdocs\wp-content\plugins\insert-headers-and-footers\includes\class-wpcode-snippet-execute.php(273) : eval()'d code on line 3 and exactly 1 expected
2023-05-28T09:43:23+00:00 Unmatched ')'
2023-05-28T09:43:42+00:00 Undefined variable $user_id
2023-05-28T09:45:21+00:00 Object of class WP_User could not be converted to string
2023-05-28T09:45:24+00:00 Object of class WP_User could not be converted to string
2023-05-28T09:52:33+00:00 Undefined variable $meta_phone
2023-05-28T10:01:11+00:00 Array to string conversion
2023-05-28T10:59:34+00:00 syntax error, unexpected token "endif", expecting end of file
2023-05-28T10:59:36+00:00 syntax error, unexpected token "endif", expecting end of file
2023-05-28T10:59:39+00:00 syntax error, unexpected token "endif", expecting end of file
2023-05-28T11:01:59+00:00 Array to string conversion
2023-05-28T11:30:12+00:00 Attempt to read property "" on array
2023-05-28T11:30:30+00:00 Attempt to read property "phone" on array
2023-05-28T11:32:22+00:00 syntax error, unexpected token "=>", expecting "," or ";"
2023-05-28T12:04:36+00:00 Array to string conversion
