2023-05-31T02:31:43+00:00 syntax error, unexpected token "<"
2023-05-31T02:32:03+00:00 syntax error, unexpected token "<"
2023-05-31T02:32:16+00:00 syntax error, unexpected token "<"
2023-05-31T02:33:17+00:00 syntax error, unexpected identifier "Вы", expecting "," or ";"
2023-05-31T02:52:33+00:00 syntax error, unexpected token "echo", expecting "," or ";"
2023-05-31T02:58:44+00:00 syntax error, unexpected token "else"
2023-05-31T02:58:47+00:00 syntax error, unexpected token "else"
2023-05-31T02:58:47+00:00 syntax error, unexpected token "else"
2023-05-31T02:58:57+00:00 syntax error, unexpected token "else"
2023-05-31T03:03:34+00:00 syntax error, unexpected token "echo", expecting "," or ";"
2023-05-31T03:06:12+00:00 syntax error, unexpected token "echo", expecting "," or ";"
2023-05-31T03:34:55+00:00 syntax error, unexpected identifier "get_the_title", expecting "," or ";"
2023-05-31T03:43:08+00:00 syntax error, unexpected single-quoted string "">Удалить</a></td>", expecting "," or ";"
2023-05-31T04:09:22+00:00 Attempt to read property "ID" on null
2023-05-31T05:53:18+00:00 syntax error, unexpected token ";", expecting ")"
2023-05-31T06:21:46+00:00 Undefined array key "confirm"
2023-05-31T06:27:23+00:00 Object of class WP_Post could not be converted to string
2023-05-31T11:32:53+00:00 syntax error, unexpected token "if", expecting "," or ";"
2023-05-31T11:33:08+00:00 syntax error, unexpected token "if", expecting "," or ";"
2023-05-31T11:33:43+00:00 syntax error, unexpected token "if", expecting "," or ";"
2023-05-31T11:34:12+00:00 syntax error, unexpected token "echo", expecting "," or ";"
2023-05-31T11:34:14+00:00 syntax error, unexpected token "echo", expecting "," or ";"
2023-05-31T11:35:19+00:00 syntax error, unexpected token "if", expecting "," or ";"
